2022-03-29 15:27:15,032 DEBUG:	COMLOG_CLIENT:	create socket

2022-03-29 15:27:15,033 DEBUG:	COMLOG_CLIENT:	Client connect: 10.91.0.127 , 53215

2022-03-29 15:27:15,034 DEBUG:	COMLOG_CLIENT:	 send

2022-03-29 15:27:15,035 DEBUG:	COMLOG_CLIENT:	 messages:

2022-03-29 15:27:15,036 DEBUG:	COMLOG_CLIENT:	1.:AUTOFOCUS

2022-03-29 15:27:15,037 DEBUG:	COMLOG_CLIENT:	2.:ACQUIRE_Z

2022-03-29 15:27:15,038 DEBUG:	COMLOG_CLIENT:	close socket

2022-03-29 15:27:15,038 DEBUG:	COMLOG_CLIENT:	Client asked for: AUTOFOCUS

2022-03-29 15:27:15,040 DEBUG:	COMLOG_CLIENT:	Sent BYTES TO SEND: 159

2022-03-29 15:27:15,041 DEBUG:	COMLOG_SERVER:	Client Answer: READY TO RECEIVE

2022-03-29 15:27:15,044 DEBUG:	COMLOG_CLIENT:	Starting to transmit

2022-03-29 15:27:15,044 DEBUG:	COMLOG_CLIENT:	Transmission finished

2022-03-29 15:30:03,480 DEBUG:	COMLOG_CLIENT:	Sent READY TO RECEIVE

2022-03-29 15:30:03,483 DEBUG:	COMLOG_CLIENT:	Sent SUCCESS

2022-03-29 15:30:03,486 DEBUG:	COMLOG_CLIENT:	Server answered: STATE

2022-03-29 15:30:03,488 DEBUG:	COMLOG_CLIENT:	Client asked for: ACQUIRE_Z

2022-03-29 15:30:03,489 DEBUG:	COMLOG_CLIENT:	Sent BYTES TO SEND: 187

2022-03-29 15:30:03,491 DEBUG:	COMLOG_SERVER:	Client Answer: READY TO RECEIVE

2022-03-29 15:30:03,493 DEBUG:	COMLOG_CLIENT:	Starting to transmit

2022-03-29 15:30:03,494 DEBUG:	COMLOG_CLIENT:	Transmission finished

2022-03-29 15:31:24,618 DEBUG:	COMLOG_CLIENT:	Sent READY TO RECEIVE

2022-03-29 15:32:00,532 DEBUG:	COMLOG_CLIENT:	Sent SUCCESS

2022-03-29 15:32:02,456 DEBUG:	COMLOG_CLIENT:	Server answered: ZSTACK

2022-03-29 15:32:02,457 DEBUG:	COMLOG_CLIENT:	Numpy shape before: (151338720,)

2022-03-29 15:32:02,457 DEBUG:	COMLOG_CLIENT:	Numpy shape after: (1, 30, 1, 2054, 2456)

2022-03-29 15:32:02,510 DEBUG:	COMLOG_CLIENT:	Connection closed successfully

2022-03-29 15:45:03,490 DEBUG:	COMLOG_CLIENT:	create socket

2022-03-29 15:45:03,491 DEBUG:	COMLOG_CLIENT:	Client connect: 10.91.0.127 , 53215

2022-03-29 15:45:03,492 DEBUG:	COMLOG_CLIENT:	 send

2022-03-29 15:45:03,492 DEBUG:	COMLOG_CLIENT:	 messages:

2022-03-29 15:45:03,493 DEBUG:	COMLOG_CLIENT:	1.:AUTOFOCUS

2022-03-29 15:45:03,493 DEBUG:	COMLOG_CLIENT:	2.:ACQUIRE_Z

2022-03-29 15:45:03,494 DEBUG:	COMLOG_CLIENT:	close socket

2022-03-29 15:45:03,494 DEBUG:	COMLOG_CLIENT:	Client asked for: AUTOFOCUS

2022-03-29 15:45:03,496 DEBUG:	COMLOG_CLIENT:	Sent BYTES TO SEND: 159

2022-03-29 15:46:46,397 DEBUG:	COMLOG_CLIENT:	Connection closed successfully

2022-03-29 15:50:15,095 DEBUG:	COMLOG_CLIENT:	create socket

2022-03-29 15:50:15,095 DEBUG:	COMLOG_CLIENT:	Client connect: 10.91.0.127 , 53215

2022-03-29 15:50:15,097 DEBUG:	COMLOG_CLIENT:	 send

2022-03-29 15:50:15,097 DEBUG:	COMLOG_CLIENT:	 messages:

2022-03-29 15:50:15,097 DEBUG:	COMLOG_CLIENT:	1.:AUTOFOCUS

2022-03-29 15:50:15,097 DEBUG:	COMLOG_CLIENT:	2.:ACQUIRE_Z

2022-03-29 15:50:15,099 DEBUG:	COMLOG_CLIENT:	close socket

2022-03-29 15:50:15,099 DEBUG:	COMLOG_CLIENT:	Client asked for: AUTOFOCUS

2022-03-29 15:50:15,101 DEBUG:	COMLOG_CLIENT:	Sent BYTES TO SEND: 159

2022-03-29 15:50:15,107 DEBUG:	COMLOG_SERVER:	Client Answer: READY TO RECEIVE

2022-03-29 15:50:15,111 DEBUG:	COMLOG_CLIENT:	Starting to transmit

2022-03-29 15:50:15,113 DEBUG:	COMLOG_CLIENT:	Transmission finished

2022-03-29 15:53:04,875 DEBUG:	COMLOG_CLIENT:	Sent READY TO RECEIVE

2022-03-29 15:53:04,878 DEBUG:	COMLOG_CLIENT:	Sent SUCCESS

2022-03-29 15:53:04,882 DEBUG:	COMLOG_CLIENT:	Server answered: STATE

2022-03-29 15:53:04,883 DEBUG:	COMLOG_CLIENT:	Client asked for: ACQUIRE_Z

2022-03-29 15:53:04,885 DEBUG:	COMLOG_CLIENT:	Sent BYTES TO SEND: 187

2022-03-29 15:53:04,928 DEBUG:	COMLOG_SERVER:	Client Answer: READY TO RECEIVE

2022-03-29 15:53:04,930 DEBUG:	COMLOG_CLIENT:	Starting to transmit

2022-03-29 15:53:04,930 DEBUG:	COMLOG_CLIENT:	Transmission finished

2022-03-29 15:54:26,113 DEBUG:	COMLOG_CLIENT:	Sent READY TO RECEIVE

2022-03-29 15:55:02,115 DEBUG:	COMLOG_CLIENT:	Sent SUCCESS

2022-03-29 15:55:04,030 DEBUG:	COMLOG_CLIENT:	Server answered: ZSTACK

2022-03-29 15:55:04,031 DEBUG:	COMLOG_CLIENT:	Numpy shape before: (151338720,)

2022-03-29 15:55:04,032 DEBUG:	COMLOG_CLIENT:	Numpy shape after: (1, 30, 1, 2054, 2456)

2022-03-29 15:55:04,054 DEBUG:	COMLOG_CLIENT:	Connection closed successfully

2022-03-29 16:02:57,517 DEBUG:	COMLOG_CLIENT:	create socket

2022-03-29 16:02:57,518 DEBUG:	COMLOG_CLIENT:	Client connect: 10.91.0.127 , 53215

2022-03-29 16:02:57,520 DEBUG:	COMLOG_CLIENT:	 send

2022-03-29 16:02:57,521 DEBUG:	COMLOG_CLIENT:	 messages:

2022-03-29 16:02:57,522 DEBUG:	COMLOG_CLIENT:	1.:AUTOFOCUS

2022-03-29 16:02:57,523 DEBUG:	COMLOG_CLIENT:	2.:ACQUIRE_Z

2022-03-29 16:02:57,524 DEBUG:	COMLOG_CLIENT:	close socket

2022-03-29 16:02:57,524 DEBUG:	COMLOG_CLIENT:	Client asked for: AUTOFOCUS

2022-03-29 16:02:57,528 DEBUG:	COMLOG_CLIENT:	Sent BYTES TO SEND: 159

2022-03-29 16:02:57,532 DEBUG:	COMLOG_SERVER:	Client Answer: READY TO RECEIVE

2022-03-29 16:02:57,538 DEBUG:	COMLOG_CLIENT:	Starting to transmit

2022-03-29 16:02:57,539 DEBUG:	COMLOG_CLIENT:	Transmission finished

2022-03-29 16:05:35,290 DEBUG:	COMLOG_CLIENT:	Sent READY TO RECEIVE

2022-03-29 16:05:35,294 DEBUG:	COMLOG_CLIENT:	Sent SUCCESS

2022-03-29 16:05:35,297 DEBUG:	COMLOG_CLIENT:	Server answered: STATE

2022-03-29 16:05:35,298 DEBUG:	COMLOG_CLIENT:	Client asked for: ACQUIRE_Z

2022-03-29 16:05:35,300 DEBUG:	COMLOG_CLIENT:	Sent BYTES TO SEND: 187

2022-03-29 16:05:35,339 DEBUG:	COMLOG_SERVER:	Client Answer: READY TO RECEIVE

2022-03-29 16:05:35,342 DEBUG:	COMLOG_CLIENT:	Starting to transmit

2022-03-29 16:05:35,343 DEBUG:	COMLOG_CLIENT:	Transmission finished

2022-03-29 16:06:56,616 DEBUG:	COMLOG_CLIENT:	Sent READY TO RECEIVE

2022-03-29 16:07:32,635 DEBUG:	COMLOG_CLIENT:	Sent SUCCESS

2022-03-29 16:07:34,423 DEBUG:	COMLOG_CLIENT:	Server answered: ZSTACK

2022-03-29 16:07:34,424 DEBUG:	COMLOG_CLIENT:	Numpy shape before: (151338720,)

2022-03-29 16:07:34,425 DEBUG:	COMLOG_CLIENT:	Numpy shape after: (1, 30, 1, 2054, 2456)

2022-03-29 16:07:34,447 DEBUG:	COMLOG_CLIENT:	Connection closed successfully

2022-03-29 16:11:35,368 DEBUG:	COMLOG_CLIENT:	create socket

2022-03-29 16:11:35,369 DEBUG:	COMLOG_CLIENT:	Client connect: 10.91.0.127 , 53215

2022-03-29 16:11:35,371 DEBUG:	COMLOG_CLIENT:	 send

2022-03-29 16:11:35,371 DEBUG:	COMLOG_CLIENT:	 messages:

2022-03-29 16:11:35,372 DEBUG:	COMLOG_CLIENT:	1.:AUTOFOCUS

2022-03-29 16:11:35,373 DEBUG:	COMLOG_CLIENT:	2.:ACQUIRE_Z

2022-03-29 16:11:35,374 DEBUG:	COMLOG_CLIENT:	close socket

2022-03-29 16:11:35,374 DEBUG:	COMLOG_CLIENT:	Client asked for: AUTOFOCUS

2022-03-29 16:11:35,378 DEBUG:	COMLOG_CLIENT:	Sent BYTES TO SEND: 159

2022-03-29 16:11:35,382 DEBUG:	COMLOG_SERVER:	Client Answer: READY TO RECEIVE

2022-03-29 16:11:35,385 DEBUG:	COMLOG_CLIENT:	Starting to transmit

2022-03-29 16:11:35,387 DEBUG:	COMLOG_CLIENT:	Transmission finished

2022-03-29 16:14:11,859 DEBUG:	COMLOG_CLIENT:	Sent READY TO RECEIVE

2022-03-29 16:14:11,862 DEBUG:	COMLOG_CLIENT:	Sent SUCCESS

2022-03-29 16:14:11,865 DEBUG:	COMLOG_CLIENT:	Server answered: STATE

2022-03-29 16:14:11,866 DEBUG:	COMLOG_CLIENT:	Client asked for: ACQUIRE_Z

2022-03-29 16:14:11,868 DEBUG:	COMLOG_CLIENT:	Sent BYTES TO SEND: 187

2022-03-29 16:14:11,912 DEBUG:	COMLOG_SERVER:	Client Answer: READY TO RECEIVE

2022-03-29 16:14:11,915 DEBUG:	COMLOG_CLIENT:	Starting to transmit

2022-03-29 16:14:11,917 DEBUG:	COMLOG_CLIENT:	Transmission finished

2022-03-29 16:15:33,048 DEBUG:	COMLOG_CLIENT:	Sent READY TO RECEIVE

2022-03-29 16:16:05,078 DEBUG:	COMLOG_CLIENT:	Sent SUCCESS

2022-03-29 16:16:06,919 DEBUG:	COMLOG_CLIENT:	Server answered: ZSTACK

2022-03-29 16:16:06,920 DEBUG:	COMLOG_CLIENT:	Numpy shape before: (151338720,)

2022-03-29 16:16:06,921 DEBUG:	COMLOG_CLIENT:	Numpy shape after: (1, 30, 1, 2054, 2456)

2022-03-29 16:16:06,942 DEBUG:	COMLOG_CLIENT:	Connection closed successfully

2022-03-29 16:19:28,547 DEBUG:	COMLOG_CLIENT:	create socket

2022-03-29 16:19:28,548 DEBUG:	COMLOG_CLIENT:	Client connect: 10.91.0.127 , 53215

2022-03-29 16:19:28,550 DEBUG:	COMLOG_CLIENT:	 send

2022-03-29 16:19:28,551 DEBUG:	COMLOG_CLIENT:	 messages:

2022-03-29 16:19:28,552 DEBUG:	COMLOG_CLIENT:	1.:AUTOFOCUS

2022-03-29 16:19:28,553 DEBUG:	COMLOG_CLIENT:	2.:ACQUIRE_Z

2022-03-29 16:19:28,554 DEBUG:	COMLOG_CLIENT:	close socket

2022-03-29 16:19:28,554 DEBUG:	COMLOG_CLIENT:	Client asked for: AUTOFOCUS

2022-03-29 16:19:28,557 DEBUG:	COMLOG_CLIENT:	Sent BYTES TO SEND: 159

2022-03-29 16:19:28,561 DEBUG:	COMLOG_SERVER:	Client Answer: READY TO RECEIVE

2022-03-29 16:19:28,565 DEBUG:	COMLOG_CLIENT:	Starting to transmit

2022-03-29 16:19:28,566 DEBUG:	COMLOG_CLIENT:	Transmission finished

2022-03-29 16:22:05,731 DEBUG:	COMLOG_CLIENT:	Sent READY TO RECEIVE

2022-03-29 16:22:05,734 DEBUG:	COMLOG_CLIENT:	Sent SUCCESS

2022-03-29 16:22:05,735 DEBUG:	COMLOG_CLIENT:	Server answered: STATE

2022-03-29 16:22:05,736 DEBUG:	COMLOG_CLIENT:	Client asked for: ACQUIRE_Z

2022-03-29 16:22:05,737 DEBUG:	COMLOG_CLIENT:	Sent BYTES TO SEND: 187

2022-03-29 16:22:05,738 DEBUG:	COMLOG_SERVER:	Client Answer: READY TO RECEIVE

2022-03-29 16:22:05,739 DEBUG:	COMLOG_CLIENT:	Starting to transmit

2022-03-29 16:22:05,740 DEBUG:	COMLOG_CLIENT:	Transmission finished

2022-03-29 16:23:26,970 DEBUG:	COMLOG_CLIENT:	Sent READY TO RECEIVE

2022-03-29 16:23:58,233 DEBUG:	COMLOG_CLIENT:	Sent SUCCESS

2022-03-29 16:24:00,283 DEBUG:	COMLOG_CLIENT:	Server answered: ZSTACK

2022-03-29 16:24:00,285 DEBUG:	COMLOG_CLIENT:	Numpy shape before: (151338720,)

2022-03-29 16:24:00,286 DEBUG:	COMLOG_CLIENT:	Numpy shape after: (1, 30, 1, 2054, 2456)

2022-03-29 16:24:00,319 DEBUG:	COMLOG_CLIENT:	Connection closed successfully

2022-03-29 16:27:46,319 DEBUG:	COMLOG_CLIENT:	create socket

2022-03-29 16:27:46,319 DEBUG:	COMLOG_CLIENT:	Client connect: 10.91.0.127 , 53215

2022-03-29 16:27:47,320 ERROR:	COMLOG_CLIENT:	[WinError 10061] No connection could be made because the target machine actively refused it
Traceback (most recent call last):
  File "D:\SharedData\iFLM_integratedLightModule\communication\sendReceive.py", line 39, in socket_connect
    s.connect((ip, port))  # one tuple (HOST, PORT), not two
ConnectionRefusedError: [WinError 10061] No connection could be made because the target machine actively refused it
2022-03-29 16:27:47,322 ERROR:	COMLOG_SERVER:	[WinError 10061] No connection could be made because the target machine actively refused it
Traceback (most recent call last):
  File "D:\SharedData\iFLM_integratedLightModule\communication\sendReceive.py", line 39, in socket_connect
    s.connect((ip, port))  # one tuple (HOST, PORT), not two
ConnectionRefusedError: [WinError 10061] No connection could be made because the target machine actively refused it
2022-03-29 16:27:47,323 DEBUG:	COMLOG_CLIENT:	 send

2022-03-29 16:27:47,324 DEBUG:	COMLOG_CLIENT:	 messages:

2022-03-29 16:27:47,325 DEBUG:	COMLOG_CLIENT:	1.:AUTOFOCUS

2022-03-29 16:27:47,325 DEBUG:	COMLOG_CLIENT:	2.:ACQUIRE_Z

2022-03-29 16:27:47,326 DEBUG:	COMLOG_CLIENT:	close socket

2022-03-29 16:27:47,327 DEBUG:	COMLOG_CLIENT:	Client asked for: AUTOFOCUS

2022-03-29 16:27:47,359 DEBUG:	COMLOG_CLIENT:	Connection closed successfully

2022-03-29 16:29:53,827 DEBUG:	COMLOG_CLIENT:	create socket

2022-03-29 16:29:53,828 DEBUG:	COMLOG_CLIENT:	Client connect: 10.91.0.127 , 53215

2022-03-29 16:29:53,832 DEBUG:	COMLOG_CLIENT:	 send

2022-03-29 16:29:53,832 DEBUG:	COMLOG_CLIENT:	 messages:

2022-03-29 16:29:53,833 DEBUG:	COMLOG_CLIENT:	1.:AUTOFOCUS

2022-03-29 16:29:53,834 DEBUG:	COMLOG_CLIENT:	2.:ACQUIRE_Z

2022-03-29 16:29:53,835 DEBUG:	COMLOG_CLIENT:	close socket

2022-03-29 16:29:53,835 DEBUG:	COMLOG_CLIENT:	Client asked for: AUTOFOCUS

2022-03-29 16:29:53,837 DEBUG:	COMLOG_CLIENT:	Sent BYTES TO SEND: 159

2022-03-29 16:29:53,842 DEBUG:	COMLOG_SERVER:	Client Answer: READY TO RECEIVE

2022-03-29 16:29:53,845 DEBUG:	COMLOG_CLIENT:	Starting to transmit

2022-03-29 16:29:53,846 DEBUG:	COMLOG_CLIENT:	Transmission finished

2022-03-29 16:32:31,469 DEBUG:	COMLOG_CLIENT:	Sent READY TO RECEIVE

2022-03-29 16:32:31,474 DEBUG:	COMLOG_CLIENT:	Sent SUCCESS

2022-03-29 16:32:31,478 DEBUG:	COMLOG_CLIENT:	Server answered: STATE

2022-03-29 16:32:31,480 DEBUG:	COMLOG_CLIENT:	Client asked for: ACQUIRE_Z

2022-03-29 16:32:31,482 DEBUG:	COMLOG_CLIENT:	Sent BYTES TO SEND: 187

2022-03-29 16:32:31,484 DEBUG:	COMLOG_SERVER:	Client Answer: READY TO RECEIVE

2022-03-29 16:32:31,487 DEBUG:	COMLOG_CLIENT:	Starting to transmit

2022-03-29 16:32:31,490 DEBUG:	COMLOG_CLIENT:	Transmission finished

2022-03-29 16:33:52,619 DEBUG:	COMLOG_CLIENT:	Sent READY TO RECEIVE

2022-03-29 16:34:26,938 DEBUG:	COMLOG_CLIENT:	Sent SUCCESS

2022-03-29 16:34:28,659 DEBUG:	COMLOG_CLIENT:	Server answered: ZSTACK

2022-03-29 16:34:28,660 DEBUG:	COMLOG_CLIENT:	Numpy shape before: (151338720,)

2022-03-29 16:34:28,661 DEBUG:	COMLOG_CLIENT:	Numpy shape after: (1, 30, 1, 2054, 2456)

2022-03-29 16:34:28,694 DEBUG:	COMLOG_CLIENT:	Connection closed successfully

2022-03-29 16:54:04,423 DEBUG:	COMLOG_CLIENT:	create socket

2022-03-29 16:54:04,424 DEBUG:	COMLOG_CLIENT:	Client connect: 10.91.0.127 , 53215

2022-03-29 16:54:04,425 DEBUG:	COMLOG_CLIENT:	 send

2022-03-29 16:54:04,426 DEBUG:	COMLOG_CLIENT:	 messages:

2022-03-29 16:54:04,426 DEBUG:	COMLOG_CLIENT:	1.:AUTOFOCUS

2022-03-29 16:54:04,427 DEBUG:	COMLOG_CLIENT:	2.:ACQUIRE_Z

2022-03-29 16:54:04,428 DEBUG:	COMLOG_CLIENT:	close socket

2022-03-29 16:54:04,428 DEBUG:	COMLOG_CLIENT:	Client asked for: AUTOFOCUS

2022-03-29 16:54:04,431 DEBUG:	COMLOG_CLIENT:	Sent BYTES TO SEND: 159

2022-03-29 16:54:04,432 DEBUG:	COMLOG_SERVER:	Client Answer: READY TO RECEIVE

2022-03-29 16:54:04,435 DEBUG:	COMLOG_CLIENT:	Starting to transmit

2022-03-29 16:54:04,436 DEBUG:	COMLOG_CLIENT:	Transmission finished

2022-03-29 16:56:39,623 DEBUG:	COMLOG_CLIENT:	Sent READY TO RECEIVE

2022-03-29 16:56:39,627 DEBUG:	COMLOG_CLIENT:	Sent SUCCESS

2022-03-29 16:56:39,631 DEBUG:	COMLOG_CLIENT:	Server answered: STATE

2022-03-29 16:56:39,633 DEBUG:	COMLOG_CLIENT:	Client asked for: ACQUIRE_Z

2022-03-29 16:56:39,635 DEBUG:	COMLOG_CLIENT:	Sent BYTES TO SEND: 187

2022-03-29 16:56:39,637 DEBUG:	COMLOG_SERVER:	Client Answer: READY TO RECEIVE

2022-03-29 16:56:39,640 DEBUG:	COMLOG_CLIENT:	Starting to transmit

2022-03-29 16:56:39,643 DEBUG:	COMLOG_CLIENT:	Transmission finished

2022-03-29 16:58:00,710 DEBUG:	COMLOG_CLIENT:	Sent READY TO RECEIVE

2022-03-29 16:58:31,767 DEBUG:	COMLOG_CLIENT:	Sent SUCCESS

2022-03-29 16:58:33,504 DEBUG:	COMLOG_CLIENT:	Server answered: ZSTACK

2022-03-29 16:58:33,505 DEBUG:	COMLOG_CLIENT:	Numpy shape before: (151338720,)

2022-03-29 16:58:33,506 DEBUG:	COMLOG_CLIENT:	Numpy shape after: (1, 30, 1, 2054, 2456)

2022-03-29 16:59:28,825 DEBUG:	COMLOG_CLIENT:	Client asked for: EXIT

2022-03-29 16:59:28,827 DEBUG:	COMLOG_SERVER:	Sent BYTES TO SEND: 150

2022-03-29 16:59:28,828 DEBUG:	COMLOG_SERVER:	Client Answer: READY TO RECEIVE

2022-03-29 16:59:28,829 DEBUG:	COMLOG_SERVER:	Starting to transmit

2022-03-29 16:59:28,830 DEBUG:	COMLOG_SERVER:	Transmission finished

2022-03-29 16:59:28,833 DEBUG:	COMLOG_CLIENT:	Connection closed successfully

2022-03-29 17:03:55,674 DEBUG:	COMLOG_CLIENT:	create socket

2022-03-29 17:03:55,675 DEBUG:	COMLOG_CLIENT:	Client connect: 10.91.0.127 , 53215

2022-03-29 17:03:55,676 DEBUG:	COMLOG_CLIENT:	 send

2022-03-29 17:03:55,677 DEBUG:	COMLOG_CLIENT:	 messages:

2022-03-29 17:03:55,677 DEBUG:	COMLOG_CLIENT:	1.:AUTOFOCUS

2022-03-29 17:03:55,678 DEBUG:	COMLOG_CLIENT:	2.:ACQUIRE_Z

2022-03-29 17:03:55,679 DEBUG:	COMLOG_CLIENT:	close socket

2022-03-29 17:03:55,679 DEBUG:	COMLOG_CLIENT:	Client asked for: AUTOFOCUS

2022-03-29 17:03:55,681 DEBUG:	COMLOG_CLIENT:	Sent BYTES TO SEND: 159

2022-03-29 17:03:55,683 DEBUG:	COMLOG_SERVER:	Client Answer: READY TO RECEIVE

2022-03-29 17:03:55,688 DEBUG:	COMLOG_CLIENT:	Starting to transmit

2022-03-29 17:03:55,689 DEBUG:	COMLOG_CLIENT:	Transmission finished

2022-03-29 17:06:31,057 DEBUG:	COMLOG_CLIENT:	Sent READY TO RECEIVE

2022-03-29 17:06:31,061 DEBUG:	COMLOG_CLIENT:	Sent SUCCESS

2022-03-29 17:06:31,065 DEBUG:	COMLOG_CLIENT:	Server answered: STATE

2022-03-29 17:06:31,067 DEBUG:	COMLOG_CLIENT:	Client asked for: ACQUIRE_Z

2022-03-29 17:06:31,069 DEBUG:	COMLOG_CLIENT:	Sent BYTES TO SEND: 187

2022-03-29 17:06:31,071 DEBUG:	COMLOG_SERVER:	Client Answer: READY TO RECEIVE

2022-03-29 17:06:31,074 DEBUG:	COMLOG_CLIENT:	Starting to transmit

2022-03-29 17:06:31,076 DEBUG:	COMLOG_CLIENT:	Transmission finished

2022-03-29 17:07:52,366 DEBUG:	COMLOG_CLIENT:	Sent READY TO RECEIVE

2022-03-29 17:08:27,509 DEBUG:	COMLOG_CLIENT:	Sent SUCCESS

2022-03-29 17:08:29,306 DEBUG:	COMLOG_CLIENT:	Server answered: ZSTACK

2022-03-29 17:08:29,307 DEBUG:	COMLOG_CLIENT:	Numpy shape before: (151338720,)

2022-03-29 17:08:29,309 DEBUG:	COMLOG_CLIENT:	Numpy shape after: (1, 30, 1, 2054, 2456)

2022-03-29 17:09:23,721 DEBUG:	COMLOG_CLIENT:	Client asked for: EXIT

2022-03-29 17:09:23,722 DEBUG:	COMLOG_SERVER:	Sent BYTES TO SEND: 150

2022-03-29 17:09:23,723 DEBUG:	COMLOG_SERVER:	Client Answer: READY TO RECEIVE

2022-03-29 17:09:23,724 DEBUG:	COMLOG_SERVER:	Starting to transmit

2022-03-29 17:09:23,725 DEBUG:	COMLOG_SERVER:	Transmission finished

2022-03-29 17:09:23,728 DEBUG:	COMLOG_CLIENT:	Connection closed successfully

